<?xml version="1.0" encoding="UTF-8"?>
<testsuite xmlns:xsi="http://www.w3.org/2001/XMLSchema-instance" xsi:noNamespaceSchemaLocation="https://maven.apache.org/surefire/maven-surefire-plugin/xsd/surefire-test-report.xsd" version="3.0.2" name="in.updev.fileorganizer.services.BackupServiceTest" time="14.644" tests="1" errors="0" skipped="0" failures="0">
  <properties>
[...]
</properties>
  <testcase name="testIncrementalBackup" classname="in.updev.fileorganizer.services.BackupServiceTest" time="1.669">
    <system-out><![CDATA[04:10:03.701 [main] INFO org.springframework.test.context.support.AnnotationConfigContextLoaderUtils -- Could not detect default configuration classes for test class [in.updev.fileorganizer.services.BackupServiceTest]: BackupServiceTest does not declare any static, non-private, non-final, nested classes annotated with @Configuration.
04:10:04.052 [main] INFO org.springframework.boot.test.context.SpringBootTestContextBootstrapper -- Found @SpringBootConfiguration in.updev.fileorganizer.FileOrganizerApplication for test class in.updev.fileorganizer.services.BackupServiceTest
04:10:04.482 [main] INFO org.springframework.boot.devtools.restart.RestartApplicationListener -- Restart disabled due to context in which it is running

  .   ____          _            __ _ _
 /\\ / ___'_ __ _ _(_)_ __  __ _ \ \ \ \
( ( )\___ | '_ | '_| | '_ \/ _` | \ \ \ \
 \\/  ___)| |_)| | | | | || (_| |  ) ) ) )
  '  |____| .__|_| |_|_| |_\__, | / / / /
 =========|_|==============|___/=/_/_/_/

 :: Spring Boot ::                (v3.4.3)

2026-06-25T04:10:05.220+05:30  INFO 17908 --- [           main] i.u.f.services.BackupServiceTest         : Starting BackupServiceTest using Java 21.0.6 with PID 17908 (started by utkar in C:\Users\utkar\Desktop\Projects\file-manager\server)
2026-06-25T04:10:05.224+05:30  INFO 17908 --- [           main] i.u.f.services.BackupServiceTest         : No active profile set, falling back to 1 default profile: "default"
2026-06-25T04:10:07.002+05:30  INFO 17908 --- [           main] .s.d.r.c.RepositoryConfigurationDelegate : Bootstrapping Spring Data JPA repositories in DEFAULT mode.
2026-06-25T04:10:07.236+05:30  INFO 17908 --- [           main] .s.d.r.c.RepositoryConfigurationDelegate : Finished Spring Data repository scanning in 218 ms. Found 13 JPA repository interfaces.
2026-06-25T04:10:08.628+05:30  INFO 17908 --- [           main] o.hibernate.jpa.internal.util.LogHelper  : HHH000204: Processing PersistenceUnitInfo [name: default]
2026-06-25T04:10:08.792+05:30  INFO 17908 --- [           main] org.hibernate.Version                    : HHH000412: Hibernate ORM core version 6.6.8.Final
2026-06-25T04:10:08.904+05:30  INFO 17908 --- [           main] o.h.c.internal.RegionFactoryInitiator    : HHH000026: Second-level cache disabled
2026-06-25T04:10:09.705+05:30  INFO 17908 --- [           main] o.s.o.j.p.SpringPersistenceUnitInfo      : No LoadTimeWeaver setup: ignoring JPA class transformer
2026-06-25T04:10:09.787+05:30  INFO 17908 --- [           main] com.zaxxer.hikari.HikariDataSource       : HikariPool-1 - Starting...
2026-06-25T04:10:10.017+05:30  INFO 17908 --- [           main] com.zaxxer.hikari.pool.HikariPool        : HikariPool-1 - Added connection org.sqlite.jdbc4.JDBC4Connection@75dc1c1c
2026-06-25T04:10:10.022+05:30  INFO 17908 --- [           main] com.zaxxer.hikari.HikariDataSource       : HikariPool-1 - Start completed.
2026-06-25T04:10:10.123+05:30  INFO 17908 --- [           main] org.hibernate.orm.connections.pooling    : HHH10001005: Database info:
	Database JDBC URL [Connecting through datasource 'HikariDataSource (HikariPool-1)']
	Database driver: undefined/unknown
	Database version: 3.47.2
	Autocommit mode: undefined/unknown
	Isolation level: undefined/unknown
	Minimum pool size: undefined/unknown
	Maximum pool size: undefined/unknown
2026-06-25T04:10:12.506+05:30  INFO 17908 --- [           main] o.h.e.t.j.p.i.JtaPlatformInitiator       : HHH000489: No JTA platform available (set 'hibernate.transaction.jta.platform' to enable JTA platform integration)
2026-06-25T04:10:12.569+05:30  INFO 17908 --- [           main] j.LocalContainerEntityManagerFactoryBean : Initialized JPA EntityManagerFactory for persistence unit 'default'
2026-06-25T04:10:13.370+05:30  INFO 17908 --- [           main] o.s.d.j.r.query.QueryEnhancerFactory     : Hibernate is in classpath; If applicable, HQL parser will be used.
2026-06-25T04:10:14.751+05:30  INFO 17908 --- [           main] i.u.f.services.PreferencesService        : Preferences loaded from: C:\Users\utkar/AppData/Local/file-organizer/preferences.json
2026-06-25T04:10:15.232+05:30  WARN 17908 --- [           main] JpaBaseConfiguration$JpaWebConfiguration : spring.jpa.open-in-view is enabled by default. Therefore, database queries may be performed during view rendering. Explicitly configure spring.jpa.open-in-view to disable this warning
2026-06-25T04:10:15.863+05:30  INFO 17908 --- [           main] i.u.f.services.BackupServiceTest         : Started BackupServiceTest in 11.41 seconds (process running for 13.925)
2026-06-25T04:10:15.875+05:30  INFO 17908 --- [           main] i.u.f.services.DatabaseMigrationService  : Initializing dynamic database schema migration check...
2026-06-25T04:10:15.875+05:30  INFO 17908 --- [           main] i.u.f.services.DatabaseMigrationService  : Found schema file at: C:\Users\utkar\Desktop\Projects\file-manager\server\..\database\schema.sql
2026-06-25T04:10:15.881+05:30  INFO 17908 --- [   scheduling-1] i.u.f.services.MaintenanceService        : Executing scheduled daily storage maintenance...
2026-06-25T04:10:15.911+05:30  INFO 17908 --- [           main] i.u.f.services.DatabaseMigrationService  : Database schema migration completed. Executed 0 statements, skipped 15 (already existing).
2026-06-25T04:10:15.912+05:30  INFO 17908 --- [           main] i.u.f.services.IgnoreRulesInitializer    : Checking default ignore patterns seeding...
Hibernate: 
    select
        count(*) 
    from
        ignore_rules ir1_0
Hibernate: 
    select
        bt1_0.id,
        bt1_0.action_details,
        bt1_0.completed_at,
        bt1_0.created_at,
        bt1_0.destination_path,
        bt1_0.report_file_path,
        bt1_0.source_path,
        bt1_0.status,
        bt1_0.summary,
        bt1_0.task_type 
    from
        background_tasks bt1_0
2026-06-25T04:10:16.127+05:30  INFO 17908 --- [           main] i.u.f.services.VersionInitializer        : Checking current app version for registration...
2026-06-25T04:10:16.134+05:30  INFO 17908 --- [           main] i.u.f.services.VersionInitializer        : Current app version detected: 0.0.8
2026-06-25T04:10:16.140+05:30  INFO 17908 --- [   scheduling-1] i.u.f.services.MaintenanceService        : Maintenance complete.
Hibernate: 
    select
        rv1_0.id,
        rv1_0.registered_at,
        rv1_0.version 
    from
        registered_versions rv1_0 
    where
        rv1_0.version=?
Hibernate: 
    select
        bt1_0.id,
        bt1_0.action_details,
        bt1_0.completed_at,
        bt1_0.created_at,
        bt1_0.destination_path,
        bt1_0.report_file_path,
        bt1_0.source_path,
        bt1_0.status,
        bt1_0.summary,
        bt1_0.task_type 
    from
        background_tasks bt1_0 
    where
        bt1_0.id=?
Hibernate: 
    select
        bt1_0.id,
        bt1_0.action_details,
        bt1_0.completed_at,
        bt1_0.created_at,
        bt1_0.destination_path,
        bt1_0.report_file_path,
        bt1_0.source_path,
        bt1_0.status,
        bt1_0.summary,
        bt1_0.task_type 
    from
        background_tasks bt1_0 
    where
        bt1_0.id=?
2026-06-25T04:10:17.312+05:30  INFO 17908 --- [onPool-worker-1] i.u.f.services.SecureStorageService      : Copied file from C:\Users\utkar\AppData\Local\Temp\junit-17108953666805738917\file1.txt to C:\Users\utkar\AppData\Local\Temp\junit-8852227692420615519\file1.txt
2026-06-25T04:10:17.320+05:30  INFO 17908 --- [onPool-worker-1] i.u.f.services.SecureStorageService      : Copied file from C:\Users\utkar\AppData\Local\Temp\junit-17108953666805738917\file2.jpg to C:\Users\utkar\AppData\Local\Temp\junit-8852227692420615519\file2.jpg
Hibernate: 
    insert 
    into
        background_tasks
        (action_details, completed_at, created_at, destination_path, report_file_path, source_path, status, summary, task_type, id) 
    values
        (?, ?, ?, ?, ?, ?, ?, ?, ?, ?)
2026-06-25T04:10:17.345+05:30  INFO 17908 --- [onPool-worker-1] i.u.f.s.ReportSerializationService       : Wrote report for task 84329271-2dcc-4808-871a-cb45ffac0795: C:\Users\utkar\AppData\Local\file-organizer\reports\84329271-2dcc-4808-871a-cb45ffac0795.json
2026-06-25T04:10:17.346+05:30  INFO 17908 --- [onPool-worker-1] i.u.f.services.TaskCancellationManager   : Cleaning cancellation flag locally for task ID: 84329271-2dcc-4808-871a-cb45ffac0795
Hibernate: 
    select
        bt1_0.id,
        bt1_0.action_details,
        bt1_0.completed_at,
        bt1_0.created_at,
        bt1_0.destination_path,
        bt1_0.report_file_path,
        bt1_0.source_path,
        bt1_0.status,
        bt1_0.summary,
        bt1_0.task_type 
    from
        background_tasks bt1_0 
    where
        bt1_0.id=?
Hibernate: 
    update
        background_tasks 
    set
        action_details=?,
        completed_at=?,
        created_at=?,
        destination_path=?,
        report_file_path=?,
        source_path=?,
        status=?,
        summary=?,
        task_type=? 
    where
        id=?
Hibernate: 
    select
        bt1_0.id,
        bt1_0.action_details,
        bt1_0.completed_at,
        bt1_0.created_at,
        bt1_0.destination_path,
        bt1_0.report_file_path,
        bt1_0.source_path,
        bt1_0.status,
        bt1_0.summary,
        bt1_0.task_type 
    from
        background_tasks bt1_0 
    where
        bt1_0.id=?
Hibernate: 
    update
        background_tasks 
    set
        action_details=?,
        completed_at=?,
        created_at=?,
        destination_path=?,
        report_file_path=?,
        source_path=?,
        status=?,
        summary=?,
        task_type=? 
    where
        id=?
Hibernate: 
    select
        bt1_0.id,
        bt1_0.action_details,
        bt1_0.completed_at,
        bt1_0.created_at,
        bt1_0.destination_path,
        bt1_0.report_file_path,
        bt1_0.source_path,
        bt1_0.status,
        bt1_0.summary,
        bt1_0.task_type 
    from
        background_tasks bt1_0 
    where
        bt1_0.id=?
Hibernate: 
    select
        bt1_0.id,
        bt1_0.action_details,
        bt1_0.completed_at,
        bt1_0.created_at,
        bt1_0.destination_path,
        bt1_0.report_file_path,
        bt1_0.source_path,
        bt1_0.status,
        bt1_0.summary,
        bt1_0.task_type 
    from
        background_tasks bt1_0 
    where
        bt1_0.id=?
Hibernate: 
    select
        bt1_0.id,
        bt1_0.action_details,
        bt1_0.completed_at,
        bt1_0.created_at,
        bt1_0.destination_path,
        bt1_0.report_file_path,
        bt1_0.source_path,
        bt1_0.status,
        bt1_0.summary,
        bt1_0.task_type 
    from
        background_tasks bt1_0 
    where
        bt1_0.id=?
Hibernate: 
    insert 
    into
        background_tasks
        (action_details, completed_at, created_at, destination_path, report_file_path, source_path, status, summary, task_type, id) 
    values
        (?, ?, ?, ?, ?, ?, ?, ?, ?, ?)
Hibernate: 
    select
        bt1_0.id,
        bt1_0.action_details,
        bt1_0.completed_at,
        bt1_0.created_at,
        bt1_0.destination_path,
        bt1_0.report_file_path,
        bt1_0.source_path,
        bt1_0.status,
        bt1_0.summary,
        bt1_0.task_type 
    from
        background_tasks bt1_0 
    where
        bt1_0.id=?
Hibernate: 
    update
        background_tasks 
    set
        action_details=?,
        completed_at=?,
        created_at=?,
        destination_path=?,
        report_file_path=?,
        source_path=?,
        status=?,
        summary=?,
        task_type=? 
    where
        id=?
2026-06-25T04:10:17.536+05:30  INFO 17908 --- [onPool-worker-1] i.u.f.s.ReportSerializationService       : Wrote report for task da2dc7b4-3b8a-43c7-a74e-44bc4b93eda7: C:\Users\utkar\AppData\Local\file-organizer\reports\da2dc7b4-3b8a-43c7-a74e-44bc4b93eda7.json
2026-06-25T04:10:17.536+05:30  INFO 17908 --- [onPool-worker-1] i.u.f.services.TaskCancellationManager   : Cleaning cancellation flag locally for task ID: da2dc7b4-3b8a-43c7-a74e-44bc4b93eda7
Hibernate: 
    select
        bt1_0.id,
        bt1_0.action_details,
        bt1_0.completed_at,
        bt1_0.created_at,
        bt1_0.destination_path,
        bt1_0.report_file_path,
        bt1_0.source_path,
        bt1_0.status,
        bt1_0.summary,
        bt1_0.task_type 
    from
        background_tasks bt1_0 
    where
        bt1_0.id=?
Hibernate: 
    update
        background_tasks 
    set
        action_details=?,
        completed_at=?,
        created_at=?,
        destination_path=?,
        report_file_path=?,
        source_path=?,
        status=?,
        summary=?,
        task_type=? 
    where
        id=?
Hibernate: 
    select
        bt1_0.id,
        bt1_0.action_details,
        bt1_0.completed_at,
        bt1_0.created_at,
        bt1_0.destination_path,
        bt1_0.report_file_path,
        bt1_0.source_path,
        bt1_0.status,
        bt1_0.summary,
        bt1_0.task_type 
    from
        background_tasks bt1_0 
    where
        bt1_0.id=?
Hibernate: 
    select
        bt1_0.id,
        bt1_0.action_details,
        bt1_0.completed_at,
        bt1_0.created_at,
        bt1_0.destination_path,
        bt1_0.report_file_path,
        bt1_0.source_path,
        bt1_0.status,
        bt1_0.summary,
        bt1_0.task_type 
    from
        background_tasks bt1_0 
    where
        bt1_0.id=?
Hibernate: 
    select
        bt1_0.id,
        bt1_0.action_details,
        bt1_0.completed_at,
        bt1_0.created_at,
        bt1_0.destination_path,
        bt1_0.report_file_path,
        bt1_0.source_path,
        bt1_0.status,
        bt1_0.summary,
        bt1_0.task_type 
    from
        background_tasks bt1_0 
    where
        bt1_0.id=?
Hibernate: 
    insert 
    into
        background_tasks
        (action_details, completed_at, created_at, destination_path, report_file_path, source_path, status, summary, task_type, id) 
    values
        (?, ?, ?, ?, ?, ?, ?, ?, ?, ?)
Hibernate: 
    select
        bt1_0.id,
        bt1_0.action_details,
        bt1_0.completed_at,
        bt1_0.created_at,
        bt1_0.destination_path,
        bt1_0.report_file_path,
        bt1_0.source_path,
        bt1_0.status,
        bt1_0.summary,
        bt1_0.task_type 
    from
        background_tasks bt1_0 
    where
        bt1_0.id=?
2026-06-25T04:10:17.748+05:30  INFO 17908 --- [onPool-worker-1] i.u.f.services.SecureStorageService      : Copied file from C:\Users\utkar\AppData\Local\Temp\junit-17108953666805738917\file1.txt to C:\Users\utkar\AppData\Local\Temp\junit-8852227692420615519\file1.txt
Hibernate: 
    update
        background_tasks 
    set
        action_details=?,
        completed_at=?,
        created_at=?,
        destination_path=?,
        report_file_path=?,
        source_path=?,
        status=?,
        summary=?,
        task_type=? 
    where
        id=?
2026-06-25T04:10:17.761+05:30  INFO 17908 --- [onPool-worker-1] i.u.f.s.ReportSerializationService       : Wrote report for task 4ee91baa-5ead-4238-9e92-bb27c7b98a8d: C:\Users\utkar\AppData\Local\file-organizer\reports\4ee91baa-5ead-4238-9e92-bb27c7b98a8d.json
2026-06-25T04:10:17.762+05:30  INFO 17908 --- [onPool-worker-1] i.u.f.services.TaskCancellationManager   : Cleaning cancellation flag locally for task ID: 4ee91baa-5ead-4238-9e92-bb27c7b98a8d
Hibernate: 
    select
        bt1_0.id,
        bt1_0.action_details,
        bt1_0.completed_at,
        bt1_0.created_at,
        bt1_0.destination_path,
        bt1_0.report_file_path,
        bt1_0.source_path,
        bt1_0.status,
        bt1_0.summary,
        bt1_0.task_type 
    from
        background_tasks bt1_0 
    where
        bt1_0.id=?
Hibernate: 
    update
        background_tasks 
    set
        action_details=?,
        completed_at=?,
        created_at=?,
        destination_path=?,
        report_file_path=?,
        source_path=?,
        status=?,
        summary=?,
        task_type=? 
    where
        id=?
Hibernate: 
    select
        bt1_0.id,
        bt1_0.action_details,
        bt1_0.completed_at,
        bt1_0.created_at,
        bt1_0.destination_path,
        bt1_0.report_file_path,
        bt1_0.source_path,
        bt1_0.status,
        bt1_0.summary,
        bt1_0.task_type 
    from
        background_tasks bt1_0 
    where
        bt1_0.id=?
]]></system-out>
    <system-err><![CDATA[Mockito is currently self-attaching to enable the inline-mock-maker. This will no longer work in future releases of the JDK. Please add Mockito as an agent to your build what is described in Mockito's documentation: https://javadoc.io/doc/org.mockito/mockito-core/latest/org/mockito/Mockito.html#0.3
WARNING: A Java agent has been loaded dynamically (C:\Users\utkar\.m2\repository\net\bytebuddy\byte-buddy-agent\1.15.11\byte-buddy-agent-1.15.11.jar)
WARNING: If a serviceability tool is in use, please run with -XX:+EnableDynamicAgentLoading to hide this warning
WARNING: If a serviceability tool is not in use, please run with -Djdk.instrument.traceUsage for more information
WARNING: Dynamic loading of agents will be disallowed by default in a future release
]]></system-err>
  </testcase>
</testsuite>